<?xml version="1.0" encoding="UTF-8"?>
<!-- Generated by org.testng.reporters.JUnitReportReporter -->
<testsuite hostname="DESKTOP-U1LMVQQ" failures="0" tests="1" name="mst.automation.utils.ConfigReader" time="0.007" errors="0" timestamp="2023-11-30T18:50:26 GMT" skipped="0">
  <testcase classname="mst.automation.utils.ConfigReader" name="getPropertiesData" time="0.007"/>
  <system-out/>
</testsuite> <!-- mst.automation.utils.ConfigReader -->
