<?xml version="1.0" encoding="UTF-8"?>
<!-- Generated by org.testng.reporters.JUnitReportReporter -->
<testsuite hostname="DESKTOP-U1LMVQQ" failures="0" tests="1" name="mst.automation.regressiontestcases.ContactCreationTest" time="53.079" errors="0" timestamp="2023-12-11T17:02:32 GMT" skipped="0">
  <testcase classname="mst.automation.regressiontestcases.ContactCreationTest" name="ContactCreation" time="53.079"/>
  <system-out/>
</testsuite> <!-- mst.automation.regressiontestcases.ContactCreationTest -->
