<?xml version="1.0" encoding="UTF-8"?>
<!-- Generated by org.testng.reporters.JUnitReportReporter -->
<testsuite hostname="DESKTOP-U1LMVQQ" failures="0" tests="1" name="mst.automation.regressiontestcases.HomeTest" time="20.973" errors="0" timestamp="2023-12-01T13:50:45 GMT" skipped="0">
  <testcase classname="mst.automation.regressiontestcases.HomeTest" name="searchContacts" time="20.973"/>
  <system-out/>
</testsuite> <!-- mst.automation.regressiontestcases.HomeTest -->
