<?xml version="1.0" encoding="UTF-8"?>
<!-- Generated by org.testng.reporters.JUnitReportReporter -->
<testsuite hostname="DESKTOP-U1LMVQQ" failures="0" tests="1" name="com.mst.advance.automation.testRunner.TestRunner" time="66.250" errors="0" timestamp="2024-03-19T11:26:09 IST" skipped="0">
  <testcase classname="com.mst.advance.automation.testRunner.TestRunner" name="runScenario" time="66.250"/>
  <system-out/>
</testsuite> <!-- com.mst.advance.automation.testRunner.TestRunner -->
